2018-03-25 19:36:58.216  INFO 13260 --- [main] com.hdw.springboot.Application           : Starting Application on SC-201802272241 with PID 13260 (D:\projects\springBootIntegertion\target\classes started by Administrator in D:\projects\springBootIntegertion)
2018-03-25 19:36:58.217  INFO 13260 --- [main] com.hdw.springboot.Application           : No active profile set, falling back to default profiles: default
2018-03-25 19:36:58.579  INFO 13260 --- [main] ationConfigEmbeddedWebApplicationContext : Refreshing org.springframework.boot.context.embedded.AnnotationConfigEmbeddedWebApplicationContext@157632c9: startup date [Sun Mar 25 19:36:58 CST 2018]; root of context hierarchy
2018-03-25 19:36:59.829  INFO 13260 --- [main] trationDelegate$BeanPostProcessorChecker : Bean 'shiroConfiguration' of type [class com.hdw.springboot.security.ShiroConfiguration$$EnhancerBySpringCGLIB$$f3576490] is not eligible for getting processed by all BeanPostProcessors (for example: not eligible for auto-proxying)
2018-03-25 19:36:59.914  INFO 13260 --- [main] org.apache.shiro.realm.AuthorizingRealm  : No cache or cacheManager properties have been set.  Authorization cache cannot be obtained.
2018-03-25 19:36:59.915  INFO 13260 --- [main] trationDelegate$BeanPostProcessorChecker : Bean 'ShiroRealmImpl' of type [class com.hdw.springboot.security.ShiroRealmImpl] is not eligible for getting processed by all BeanPostProcessors (for example: not eligible for auto-proxying)
2018-03-25 19:37:00.147  INFO 13260 --- [main] trationDelegate$BeanPostProcessorChecker : Bean 'shrioEhcacheManager' of type [class org.apache.shiro.cache.ehcache.EhCacheManager] is not eligible for getting processed by all BeanPostProcessors (for example: not eligible for auto-proxying)
2018-03-25 19:37:00.148  INFO 13260 --- [main] o.a.shiro.cache.ehcache.EhCacheManager   : Cache with name 'com.hdw.springboot.security.ShiroRealmImpl.authorizationCache' does not yet exist.  Creating now.
2018-03-25 19:37:00.174  INFO 13260 --- [main] o.a.shiro.cache.ehcache.EhCacheManager   : Added EhCache named [com.hdw.springboot.security.ShiroRealmImpl.authorizationCache]
2018-03-25 19:37:00.184  INFO 13260 --- [main] trationDelegate$BeanPostProcessorChecker : Bean 'securityManager' of type [class org.apache.shiro.web.mgt.DefaultWebSecurityManager] is not eligible for getting processed by all BeanPostProcessors (for example: not eligible for auto-proxying)
2018-03-25 19:37:00.200  INFO 13260 --- [main] trationDelegate$BeanPostProcessorChecker : Bean 'org.springframework.boot.autoconfigure.validation.ValidationAutoConfiguration' of type [class org.springframework.boot.autoconfigure.validation.ValidationAutoConfiguration] is not eligible for getting processed by all BeanPostProcessors (for example: not eligible for auto-proxying)
2018-03-25 19:37:00.279  INFO 13260 --- [main] trationDelegate$BeanPostProcessorChecker : Bean 'validator' of type [class org.springframework.validation.beanvalidation.LocalValidatorFactoryBean] is not eligible for getting processed by all BeanPostProcessors (for example: not eligible for auto-proxying)
2018-03-25 19:37:00.308  INFO 13260 --- [main] trationDelegate$BeanPostProcessorChecker : Bean 'org.springframework.transaction.annotation.ProxyTransactionManagementConfiguration' of type [class org.springframework.transaction.annotation.ProxyTransactionManagementConfiguration$$EnhancerBySpringCGLIB$$cbd712a7] is not eligible for getting processed by all BeanPostProcessors (for example: not eligible for auto-proxying)
2018-03-25 19:37:00.324  INFO 13260 --- [main] trationDelegate$BeanPostProcessorChecker : Bean 'getAuthorizationAttributeSourceAdvisor' of type [class org.apache.shiro.spring.security.interceptor.AuthorizationAttributeSourceAdvisor] is not eligible for getting processed by all BeanPostProcessors (for example: not eligible for auto-proxying)
2018-03-25 19:37:00.662  INFO 13260 --- [main] s.b.c.e.t.TomcatEmbeddedServletContainer : Tomcat initialized with port(s): 8080 (http)
2018-03-25 19:37:00.675  INFO 13260 --- [main] o.apache.catalina.core.StandardService   : Starting service Tomcat
2018-03-25 19:37:00.676  INFO 13260 --- [main] org.apache.catalina.core.StandardEngine  : Starting Servlet Engine: Apache Tomcat/8.5.11
2018-03-25 19:37:00.788  INFO 13260 --- [localhost-startStop-1] o.a.c.c.C.[Tomcat].[localhost].[/]       : Initializing Spring embedded WebApplicationContext
2018-03-25 19:37:00.788  INFO 13260 --- [localhost-startStop-1] o.s.web.context.ContextLoader            : Root WebApplicationContext: initialization completed in 2212 ms
2018-03-25 19:37:01.064  INFO 13260 --- [localhost-startStop-1] o.s.b.w.servlet.ServletRegistrationBean  : Mapping servlet: 'dispatcherServlet' to [/]
2018-03-25 19:37:01.066  INFO 13260 --- [localhost-startStop-1] o.s.b.w.servlet.ServletRegistrationBean  : Mapping servlet: 'statViewServlet' to [/druid/*]
2018-03-25 19:37:01.070  INFO 13260 --- [localhost-startStop-1] o.s.b.w.servlet.FilterRegistrationBean   : Mapping filter: 'characterEncodingFilter' to: [/*]
2018-03-25 19:37:01.071  INFO 13260 --- [localhost-startStop-1] o.s.b.w.servlet.FilterRegistrationBean   : Mapping filter: 'hiddenHttpMethodFilter' to: [/*]
2018-03-25 19:37:01.071  INFO 13260 --- [localhost-startStop-1] o.s.b.w.servlet.FilterRegistrationBean   : Mapping filter: 'httpPutFormContentFilter' to: [/*]
2018-03-25 19:37:01.071  INFO 13260 --- [localhost-startStop-1] o.s.b.w.servlet.FilterRegistrationBean   : Mapping filter: 'requestContextFilter' to: [/*]
2018-03-25 19:37:01.071  INFO 13260 --- [localhost-startStop-1] o.s.b.w.servlet.FilterRegistrationBean   : Mapping filter: 'webStatFilter' to urls: [/*]
2018-03-25 19:37:01.071  INFO 13260 --- [localhost-startStop-1] o.s.b.w.servlet.FilterRegistrationBean   : Mapping filter: 'shiroFilter' to: [/*]
2018-03-25 19:37:01.809  INFO 13260 --- [main] c.h.s.config.MessageConfiguration        : ++++++++message configuration
2018-03-25 19:37:02.103  INFO 13260 --- [main] s.w.s.m.m.a.RequestMappingHandlerAdapter : Looking for @ControllerAdvice: org.springframework.boot.context.embedded.AnnotationConfigEmbeddedWebApplicationContext@157632c9: startup date [Sun Mar 25 19:36:58 CST 2018]; root of context hierarchy
2018-03-25 19:37:02.178  INFO 13260 --- [main] s.w.s.m.m.a.RequestMappingHandlerMapping : Mapped "{[/login],methods=[GET]}" onto public java.lang.String com.hdw.springboot.contorller.configCtroller.login(java.lang.String,java.lang.String)
2018-03-25 19:37:02.180  INFO 13260 --- [main] s.w.s.m.m.a.RequestMappingHandlerMapping : Mapped "{[/getAll],methods=[GET]}" onto public java.util.List<com.hdw.springboot.entity.UploadInfo> com.hdw.springboot.contorller.MyabatisController.getAll()
2018-03-25 19:37:02.180  INFO 13260 --- [main] s.w.s.m.m.a.RequestMappingHandlerMapping : Mapped "{[/getItemByIndex]}" onto public java.util.List<com.hdw.springboot.entity.UploadInfo> com.hdw.springboot.contorller.MyabatisController.getUpdateloadInfo(int,int,org.springframework.ui.Model)
2018-03-25 19:37:02.180  INFO 13260 --- [main] s.w.s.m.m.a.RequestMappingHandlerMapping : Mapped "{[/insertData],methods=[POST]}" onto public void com.hdw.springboot.contorller.MyabatisController.insertData(com.hdw.springboot.entity.UploadInfo)
2018-03-25 19:37:02.181  INFO 13260 --- [main] s.w.s.m.m.a.RequestMappingHandlerMapping : Mapped "{[/getItemBySize],methods=[GET]}" onto public java.util.List<com.hdw.springboot.entity.UploadInfo> com.hdw.springboot.contorller.MyabatisController.getItemBySize(int)
2018-03-25 19:37:02.184  INFO 13260 --- [main] s.w.s.m.m.a.RequestMappingHandlerMapping : Mapped "{[/error]}" onto public org.springframework.http.ResponseEntity<java.util.Map<java.lang.String, java.lang.Object>> org.springframework.boot.autoconfigure.web.BasicErrorController.error(javax.servlet.http.HttpServletRequest)
2018-03-25 19:37:02.184  INFO 13260 --- [main] s.w.s.m.m.a.RequestMappingHandlerMapping : Mapped "{[/error],produces=[text/html]}" onto public org.springframework.web.servlet.ModelAndView org.springframework.boot.autoconfigure.web.BasicErrorController.errorHtml(javax.servlet.http.HttpServletRequest,javax.servlet.http.HttpServletResponse)
2018-03-25 19:37:02.231  INFO 13260 --- [main] o.s.w.s.handler.SimpleUrlHandlerMapping  : Mapped URL path [/webjars/**] onto handler of type [class org.springframework.web.servlet.resource.ResourceHttpRequestHandler]
2018-03-25 19:37:02.231  INFO 13260 --- [main] o.s.w.s.handler.SimpleUrlHandlerMapping  : Mapped URL path [/**] onto handler of type [class org.springframework.web.servlet.resource.ResourceHttpRequestHandler]
2018-03-25 19:37:02.302  INFO 13260 --- [main] o.s.w.s.handler.SimpleUrlHandlerMapping  : Mapped URL path [/**/favicon.ico] onto handler of type [class org.springframework.web.servlet.resource.ResourceHttpRequestHandler]
2018-03-25 19:37:02.965  INFO 13260 --- [main] o.s.j.e.a.AnnotationMBeanExporter        : Registering beans for JMX exposure on startup
2018-03-25 19:37:02.967  INFO 13260 --- [main] o.s.j.e.a.AnnotationMBeanExporter        : Bean with name 'dataSource' has been autodetected for JMX exposure
2018-03-25 19:37:02.970  INFO 13260 --- [main] o.s.j.e.a.AnnotationMBeanExporter        : Located MBean 'dataSource': registering with JMX server as MBean [com.alibaba.druid.pool:name=dataSource,type=DruidDataSource]
2018-03-25 19:37:03.024  INFO 13260 --- [main] s.b.c.e.t.TomcatEmbeddedServletContainer : Tomcat started on port(s): 8080 (http)
2018-03-25 19:37:03.028  INFO 13260 --- [main] com.hdw.springboot.Application           : Started Application in 5.198 seconds (JVM running for 5.694)
